<?xml version="1.0" encoding="UTF-8"?>
<testsuite name="tj.monitoring.MainTest" tests="1" skipped="0" failures="0" errors="0" timestamp="2023-09-15T03:12:43" hostname="Finnas-MacBook-Air.local" time="0.018">
  <properties/>
  <testcase name="testTransaction()[jvm]" classname="tj.monitoring.MainTest" time="0.018"/>
  <system-out><![CDATA[]]></system-out>
  <system-err><![CDATA[]]></system-err>
</testsuite>
