<?xml version="1.0" encoding="UTF-8"?>
<testsuite name="tj.monitoring.MainTest" tests="1" skipped="0" failures="0" errors="0" timestamp="2023-09-15T02:40:38" hostname="Finnas-MacBook-Air.local" time="0.02">
  <properties/>
  <testcase name="testCheck()[jvm]" classname="tj.monitoring.MainTest" time="0.02"/>
  <system-out><![CDATA[]]></system-out>
  <system-err><![CDATA[]]></system-err>
</testsuite>
